<?xml version="1.0" encoding="UTF-8"?>
<!-- Generated by org.testng.reporters.JUnitReportReporter -->
<testsuite hostname="DESKTOP-JAQQMSD" failures="0" tests="7" name="com.tutorialsninja.qa.TestCases.LoginTest" time="39.689" errors="0" timestamp="2024-08-01T11:58:13 EDT" skipped="0">
  <testcase classname="com.tutorialsninja.qa.TestCases.LoginTest" name="vefiryLoginWithValidCredentials" time="6.604"/>
  <testcase classname="com.tutorialsninja.qa.TestCases.LoginTest" name="verifyLoginWithInvalidCredentials" time="5.188"/>
  <testcase classname="com.tutorialsninja.qa.TestCases.LoginTest" name="verifyLoginWithValidEmailAndInvalidPassword" time="5.243"/>
  <testcase classname="com.tutorialsninja.qa.TestCases.LoginTest" name="verifyLoginWithInvalidEmailAndValidPassword" time="5.749"/>
  <testcase classname="com.tutorialsninja.qa.TestCases.LoginTest" name="verifyLoginWithEmptyPasswordAndValidEmail" time="5.863"/>
  <testcase classname="com.tutorialsninja.qa.TestCases.LoginTest" name="verifyLoginWithEmptyEmailAndValidPassword" time="6.184"/>
  <testcase classname="com.tutorialsninja.qa.TestCases.LoginTest" name="verifyLoginWithNoCredentials" time="4.858"/>
</testsuite> <!-- com.tutorialsninja.qa.TestCases.LoginTest -->
