<?xml version="1.0" encoding="UTF-8"?>
<!-- Generated by org.testng.reporters.JUnitReportReporter -->
<testsuite hostname="DESKTOP-JAQQMSD" failures="0" tests="5" name="com.tutorialsninja.qa.TestCases.HomepageTest" time="20.035" errors="0" timestamp="2024-08-01T11:58:13 EDT" skipped="0">
  <testcase classname="com.tutorialsninja.qa.TestCases.HomepageTest" name="verifyTitlePage" time="3.453"/>
  <testcase classname="com.tutorialsninja.qa.TestCases.HomepageTest" name="verifyCurrentURL" time="3.853"/>
  <testcase classname="com.tutorialsninja.qa.TestCases.HomepageTest" name="vefifyLogoLink" time="3.622"/>
  <testcase classname="com.tutorialsninja.qa.TestCases.HomepageTest" name="verifyFeaturedSectionIsAvailable" time="4.643"/>
  <testcase classname="com.tutorialsninja.qa.TestCases.HomepageTest" name="FooterIsAvailable" time="4.464"/>
</testsuite> <!-- com.tutorialsninja.qa.TestCases.HomepageTest -->
