<?xml version="1.0" encoding="UTF-8"?>
<!-- Generated by org.testng.reporters.JUnitReportReporter -->
<testsuite hostname="DESKTOP-JAQQMSD" failures="0" tests="1" name="com.tutorialsninja.qa.TestCases.LoginTest" time="6.198" errors="0" timestamp="2024-07-10T17:32:54 EDT" skipped="0">
  <testcase classname="com.tutorialsninja.qa.TestCases.LoginTest" name="verifyLoginWithInvalidCredentials" time="6.198"/>
</testsuite> <!-- com.tutorialsninja.qa.TestCases.LoginTest -->
