<?xml version="1.0" encoding="UTF-8"?>
<!-- Generated by org.testng.reporters.JUnitReportReporter -->
<testsuite hostname="DESKTOP-JAQQMSD" failures="0" tests="3" name="com.tutorialsninja.qa.TestCases.CheckoutTest" time="31.035" errors="0" timestamp="2024-08-01T11:58:13 EDT" skipped="0">
  <testcase classname="com.tutorialsninja.qa.TestCases.CheckoutTest" name="verifyCheckoutButtonIsAvailable" time="3.416"/>
  <testcase classname="com.tutorialsninja.qa.TestCases.CheckoutTest" name="verifyCheckoutFunctionality" time="13.385"/>
  <testcase classname="com.tutorialsninja.qa.TestCases.CheckoutTest" name="verifyCheckoutFunctionality" time="14.234"/>
</testsuite> <!-- com.tutorialsninja.qa.TestCases.CheckoutTest -->
