<?xml version="1.0" encoding="UTF-8"?>
<!-- Generated by org.testng.reporters.JUnitReportReporter -->
<testsuite hostname="DESKTOP-JAQQMSD" failures="0" tests="2" name="com.tutorialsninja.qa.TestCases.LogoutTest" time="13.540" errors="0" timestamp="2024-08-01T11:58:13 EDT" skipped="0">
  <testcase classname="com.tutorialsninja.qa.TestCases.LogoutTest" name="verifyLogoutButtonIsAvailable" time="6.711"/>
  <testcase classname="com.tutorialsninja.qa.TestCases.LogoutTest" name="verifyLogoutFunctionality" time="6.829"/>
</testsuite> <!-- com.tutorialsninja.qa.TestCases.LogoutTest -->
