<?xml version="1.0" encoding="UTF-8"?>
<!-- Generated by org.testng.reporters.JUnitReportReporter -->
<testsuite hostname="DESKTOP-JAQQMSD" failures="0" tests="5" name="com.tutorialsninja.qa.TestCases.HomepageTest" time="16.719" errors="0" timestamp="2024-07-11T17:54:10 EDT" skipped="0">
  <testcase classname="com.tutorialsninja.qa.TestCases.HomepageTest" name="verifyTitlePage" time="3.367"/>
  <testcase classname="com.tutorialsninja.qa.TestCases.HomepageTest" name="verifyCurrentURL" time="3.218"/>
  <testcase classname="com.tutorialsninja.qa.TestCases.HomepageTest" name="vefifyLogoLink" time="3.430"/>
  <testcase classname="com.tutorialsninja.qa.TestCases.HomepageTest" name="verifyFeaturedSectionIsAvailable" time="3.495"/>
  <testcase classname="com.tutorialsninja.qa.TestCases.HomepageTest" name="FooterIsAvailable" time="3.209"/>
</testsuite> <!-- com.tutorialsninja.qa.TestCases.HomepageTest -->
