<?xml version="1.0" encoding="UTF-8"?>
<!-- Generated by org.testng.reporters.JUnitReportReporter -->
<testsuite hostname="DESKTOP-JAQQMSD" failures="0" tests="2" name="com.tutorialsninja.qa.TestCases.CheckoutTest" time="32.452" errors="0" timestamp="2024-07-18T14:39:28 EDT" skipped="0">
  <testcase classname="com.tutorialsninja.qa.TestCases.CheckoutTest" name="verifyCheckoutFunctionality" time="13.097"/>
  <testcase classname="com.tutorialsninja.qa.TestCases.CheckoutTest" name="verifyCheckoutFunctionality" time="19.355"/>
</testsuite> <!-- com.tutorialsninja.qa.TestCases.CheckoutTest -->
