<?xml version="1.0" encoding="UTF-8"?>
<!-- Generated by org.testng.reporters.JUnitReportReporter -->
<testsuite hostname="DESKTOP-JAQQMSD" failures="0" tests="5" name="com.tutorialsninja.qa.TestCases.HomepageTest" time="20.735" errors="0" timestamp="2024-07-11T14:10:56 EDT" skipped="0">
  <testcase classname="com.tutorialsninja.qa.TestCases.HomepageTest" name="verifyTitlePage" time="3.869"/>
  <testcase classname="com.tutorialsninja.qa.TestCases.HomepageTest" name="verifyCurrentURL" time="4.019"/>
  <testcase classname="com.tutorialsninja.qa.TestCases.HomepageTest" name="vefifyLogoLink" time="4.070"/>
  <testcase classname="com.tutorialsninja.qa.TestCases.HomepageTest" name="verifyFeaturedSectionIsAvailable" time="4.169"/>
  <testcase classname="com.tutorialsninja.qa.TestCases.HomepageTest" name="FooterIsAvailable" time="4.608"/>
</testsuite> <!-- com.tutorialsninja.qa.TestCases.HomepageTest -->
