<?xml version="1.0" encoding="UTF-8"?>
<!-- Generated by org.testng.reporters.JUnitReportReporter -->
<testsuite hostname="DESKTOP-JAQQMSD" failures="0" tests="7" name="com.tutorialsninja.qa.TestCases.LoginTest" time="36.566" errors="0" timestamp="2024-07-18T17:29:10 EDT" skipped="0">
  <testcase classname="com.tutorialsninja.qa.TestCases.LoginTest" name="vefiryLoginWithValidCredentials" time="5.546"/>
  <testcase classname="com.tutorialsninja.qa.TestCases.LoginTest" name="verifyLoginWithInvalidCredentials" time="5.689"/>
  <testcase classname="com.tutorialsninja.qa.TestCases.LoginTest" name="verifyLoginWithValidEmailAndInvalidPassword" time="5.199"/>
  <testcase classname="com.tutorialsninja.qa.TestCases.LoginTest" name="verifyLoginWithInvalidEmailAndValidPassword" time="5.177"/>
  <testcase classname="com.tutorialsninja.qa.TestCases.LoginTest" name="verifyLoginWithEmptyPasswordAndValidEmail" time="5.082"/>
  <testcase classname="com.tutorialsninja.qa.TestCases.LoginTest" name="verifyLoginWithEmptyEmailAndValidPassword" time="4.900"/>
  <testcase classname="com.tutorialsninja.qa.TestCases.LoginTest" name="verifyLoginWithNoCredentials" time="4.973"/>
</testsuite> <!-- com.tutorialsninja.qa.TestCases.LoginTest -->
