<?xml version="1.0" encoding="UTF-8"?>
<!-- Generated by org.testng.reporters.JUnitReportReporter -->
<testsuite hostname="DESKTOP-JAQQMSD" failures="0" tests="1" name="com.tutorialsninja.qa.TestCases.SearchTest" time="5.155" errors="0" timestamp="2024-07-11T13:37:38 EDT" skipped="0">
  <testcase classname="com.tutorialsninja.qa.TestCases.SearchTest" name="verifySearchWithInvalidProduct" time="5.155"/>
</testsuite> <!-- com.tutorialsninja.qa.TestCases.SearchTest -->
