<?xml version="1.0" encoding="UTF-8"?>
<!-- Generated by org.testng.reporters.JUnitReportReporter -->
<testsuite hostname="DESKTOP-JAQQMSD" failures="0" tests="2" name="com.tutorialsninja.qa.TestCases.LogoutTest" time="12.411" errors="0" timestamp="2024-07-18T17:29:10 EDT" skipped="0">
  <testcase classname="com.tutorialsninja.qa.TestCases.LogoutTest" name="verifyLogoutButtonIsAvailable" time="5.871"/>
  <testcase classname="com.tutorialsninja.qa.TestCases.LogoutTest" name="verifyLogoutFunctionality" time="6.540"/>
</testsuite> <!-- com.tutorialsninja.qa.TestCases.LogoutTest -->
