<?xml version="1.0" encoding="UTF-8"?>
<!-- Generated by org.testng.reporters.JUnitReportReporter -->
<testsuite hostname="DESKTOP-JAQQMSD" failures="0" tests="1" name="com.tutorialsninja.qa.TestCases.RegisterTest" time="6.513" errors="0" timestamp="2024-07-11T13:14:21 EDT" skipped="0">
  <testcase classname="com.tutorialsninja.qa.TestCases.RegisterTest" name="verifyRegisterWithNoDetails" time="6.513"/>
</testsuite> <!-- com.tutorialsninja.qa.TestCases.RegisterTest -->
