<?xml version="1.0" encoding="UTF-8"?>
<!-- Generated by org.testng.reporters.JUnitReportReporter -->
<testsuite hostname="DESKTOP-JAQQMSD" failures="0" tests="5" name="com.tutorialsninja.qa.TestCases.SearchTest" time="26.715" errors="0" timestamp="2024-08-01T11:58:13 EDT" skipped="0">
  <testcase classname="com.tutorialsninja.qa.TestCases.SearchTest" name="verifySearchBarIsAvailable" time="3.590"/>
  <testcase classname="com.tutorialsninja.qa.TestCases.SearchTest" name="verifySearchButtonIsFunctional" time="5.912"/>
  <testcase classname="com.tutorialsninja.qa.TestCases.SearchTest" name="verifySearchWithValidProduct" time="4.374"/>
  <testcase classname="com.tutorialsninja.qa.TestCases.SearchTest" name="verifySearchWithInvalidProduct" time="5.482"/>
  <testcase classname="com.tutorialsninja.qa.TestCases.SearchTest" name="enterValidProductDetailsPage" time="7.357"/>
</testsuite> <!-- com.tutorialsninja.qa.TestCases.SearchTest -->
