<?xml version="1.0" encoding="UTF-8"?>
<!-- Generated by org.testng.reporters.JUnitReportReporter -->
<testsuite hostname="DESKTOP-JAQQMSD" failures="0" tests="7" name="com.tutorialsninja.qa.TestCases.LoginTest" time="35.354" errors="0" timestamp="2024-07-12T13:47:48 EDT" skipped="0">
  <testcase classname="com.tutorialsninja.qa.TestCases.LoginTest" name="vefiryLoginWithValidCredentials" time="5.460"/>
  <testcase classname="com.tutorialsninja.qa.TestCases.LoginTest" name="verifyLoginWithInvalidCredentials" time="4.819"/>
  <testcase classname="com.tutorialsninja.qa.TestCases.LoginTest" name="verifyLoginWithValidEmailAndInvalidPassword" time="6.285"/>
  <testcase classname="com.tutorialsninja.qa.TestCases.LoginTest" name="verifyLoginWithInvalidEmailAndValidPassword" time="4.489"/>
  <testcase classname="com.tutorialsninja.qa.TestCases.LoginTest" name="verifyLoginWithEmptyPasswordAndValidEmail" time="4.638"/>
  <testcase classname="com.tutorialsninja.qa.TestCases.LoginTest" name="verifyLoginWithEmptyEmailAndValidPassword" time="4.618"/>
  <testcase classname="com.tutorialsninja.qa.TestCases.LoginTest" name="verifyLoginWithNoCredentials" time="5.045"/>
</testsuite> <!-- com.tutorialsninja.qa.TestCases.LoginTest -->
