<?xml version="1.0" encoding="UTF-8"?>
<!-- Generated by org.testng.reporters.JUnitReportReporter -->
<testsuite hostname="DESKTOP-JAQQMSD" failures="0" tests="2" name="com.tutorialsninja.qa.TestCases.LogoutTest" time="14.001" errors="0" timestamp="2024-07-13T12:55:21 EDT" skipped="0">
  <testcase classname="com.tutorialsninja.qa.TestCases.LogoutTest" name="verifyLogoutButtonIsAvailable" time="5.301"/>
  <testcase classname="com.tutorialsninja.qa.TestCases.LogoutTest" name="verifyLogoutFunctionality" time="8.700"/>
</testsuite> <!-- com.tutorialsninja.qa.TestCases.LogoutTest -->
