<?xml version="1.0" encoding="UTF-8"?>
<!-- Generated by org.testng.reporters.JUnitReportReporter -->
<testsuite hostname="DESKTOP-JAQQMSD" failures="0" tests="5" name="com.tutorialsninja.qa.TestCases.HomepageTest" time="18.506" errors="0" timestamp="2024-07-18T17:29:10 EDT" skipped="0">
  <testcase classname="com.tutorialsninja.qa.TestCases.HomepageTest" name="verifyTitlePage" time="3.570"/>
  <testcase classname="com.tutorialsninja.qa.TestCases.HomepageTest" name="verifyCurrentURL" time="3.543"/>
  <testcase classname="com.tutorialsninja.qa.TestCases.HomepageTest" name="vefifyLogoLink" time="4.071"/>
  <testcase classname="com.tutorialsninja.qa.TestCases.HomepageTest" name="verifyFeaturedSectionIsAvailable" time="3.714"/>
  <testcase classname="com.tutorialsninja.qa.TestCases.HomepageTest" name="FooterIsAvailable" time="3.608"/>
</testsuite> <!-- com.tutorialsninja.qa.TestCases.HomepageTest -->
