<?xml version="1.0" encoding="UTF-8"?>
<!-- Generated by org.testng.reporters.JUnitReportReporter -->
<testsuite hostname="DESKTOP-JAQQMSD" failures="0" tests="4" name="com.tutorialsninja.qa.TestCases.ShoppingCartTest" time="21.488" errors="0" timestamp="2024-07-18T17:29:10 EDT" skipped="0">
  <testcase classname="com.tutorialsninja.qa.TestCases.ShoppingCartTest" name="verifyShoppingCartButtonIsAvilable" time="3.564"/>
  <testcase classname="com.tutorialsninja.qa.TestCases.ShoppingCartTest" name="verifyEmptyShoppingCartSearch" time="4.124"/>
  <testcase classname="com.tutorialsninja.qa.TestCases.ShoppingCartTest" name="verifyAddToCartFunctionalityFromShoppingCartPage" time="7.547"/>
  <testcase classname="com.tutorialsninja.qa.TestCases.ShoppingCartTest" name="verifyAddToCartFunctionalityFromItemButton" time="6.253"/>
</testsuite> <!-- com.tutorialsninja.qa.TestCases.ShoppingCartTest -->
