<?xml version="1.0" encoding="UTF-8"?>
<!-- Generated by org.testng.reporters.JUnitReportReporter -->
<testsuite hostname="DESKTOP-JAQQMSD" failures="0" tests="4" name="com.tutorialsninja.qa.TestCases.ShoppingCartTest" time="46.588" errors="0" timestamp="2024-07-13T10:59:53 EDT" skipped="0">
  <testcase classname="com.tutorialsninja.qa.TestCases.ShoppingCartTest" name="verifyShoppingCartButtonIsAvilable" time="4.768"/>
  <testcase classname="com.tutorialsninja.qa.TestCases.ShoppingCartTest" name="verifyEmptyShoppingCartSearch" time="5.723"/>
  <testcase classname="com.tutorialsninja.qa.TestCases.ShoppingCartTest" name="verifyAddToCartFunctionalityFromShoppingCartPage" time="24.803"/>
  <testcase classname="com.tutorialsninja.qa.TestCases.ShoppingCartTest" name="verifyAddToCartFunctionalityFromItemButton" time="11.294"/>
</testsuite> <!-- com.tutorialsninja.qa.TestCases.ShoppingCartTest -->
