<?xml version="1.0" encoding="UTF-8"?>
<!-- Generated by org.testng.reporters.JUnitReportReporter -->
<testsuite hostname="DESKTOP-JAQQMSD" failures="0" tests="4" name="com.tutorialsninja.qa.TestCases.ShoppingCartTest" time="21.488" errors="0" timestamp="2024-08-01T11:58:13 EDT" skipped="0">
  <testcase classname="com.tutorialsninja.qa.TestCases.ShoppingCartTest" name="verifyShoppingCartButtonIsAvilable" time="3.452"/>
  <testcase classname="com.tutorialsninja.qa.TestCases.ShoppingCartTest" name="verifyEmptyShoppingCartSearch" time="4.220"/>
  <testcase classname="com.tutorialsninja.qa.TestCases.ShoppingCartTest" name="verifyAddToCartFunctionalityFromShoppingCartPage" time="6.764"/>
  <testcase classname="com.tutorialsninja.qa.TestCases.ShoppingCartTest" name="verifyAddToCartFunctionalityFromItemButton" time="7.052"/>
</testsuite> <!-- com.tutorialsninja.qa.TestCases.ShoppingCartTest -->
