<?xml version="1.0" encoding="UTF-8"?>
<!-- Generated by org.testng.reporters.JUnitReportReporter -->
<testsuite hostname="DESKTOP-JAQQMSD" failures="0" tests="3" name="com.tutorialsninja.qa.TestCases.LogoutTest" time="20.434" errors="0" timestamp="2024-07-11T13:58:26 EDT" skipped="0">
  <testcase classname="com.tutorialsninja.qa.TestCases.LogoutTest" name="verifyLogoutButtonIsAvailable" time="6.732"/>
  <testcase classname="com.tutorialsninja.qa.TestCases.LogoutTest" name="verifyLogoutButtonIsFunctional" time="6.215"/>
  <testcase classname="com.tutorialsninja.qa.TestCases.LogoutTest" name="verifyLogoutFunctionality" time="7.487"/>
</testsuite> <!-- com.tutorialsninja.qa.TestCases.LogoutTest -->
