<?xml version="1.0" encoding="UTF-8"?>
<!-- Generated by org.testng.reporters.JUnitReportReporter -->
<testsuite hostname="DESKTOP-JAQQMSD" failures="0" tests="1" name="com.tutorialsninja.qa.TestCases.SearchTest" time="5.245" errors="0" timestamp="2024-07-12T15:38:43 EDT" skipped="0">
  <testcase classname="com.tutorialsninja.qa.TestCases.SearchTest" name="enterValidProductDetailsPage" time="5.245"/>
</testsuite> <!-- com.tutorialsninja.qa.TestCases.SearchTest -->
