<?xml version="1.0" encoding="UTF-8"?>
<!-- Generated by org.testng.reporters.JUnitReportReporter -->
<testsuite hostname="DESKTOP-JAQQMSD" failures="0" tests="7" name="com.tutorialsninja.qa.TestCases.LoginTest" time="39.896" errors="0" timestamp="2024-08-01T15:38:21 EDT" skipped="0">
  <testcase classname="com.tutorialsninja.qa.TestCases.LoginTest" name="vefiryLoginWithValidCredentials" time="10.182"/>
  <testcase classname="com.tutorialsninja.qa.TestCases.LoginTest" name="verifyLoginWithInvalidCredentials" time="4.779"/>
  <testcase classname="com.tutorialsninja.qa.TestCases.LoginTest" name="verifyLoginWithValidEmailAndInvalidPassword" time="4.692"/>
  <testcase classname="com.tutorialsninja.qa.TestCases.LoginTest" name="verifyLoginWithInvalidEmailAndValidPassword" time="5.643"/>
  <testcase classname="com.tutorialsninja.qa.TestCases.LoginTest" name="verifyLoginWithEmptyPasswordAndValidEmail" time="5.225"/>
  <testcase classname="com.tutorialsninja.qa.TestCases.LoginTest" name="verifyLoginWithEmptyEmailAndValidPassword" time="4.939"/>
  <testcase classname="com.tutorialsninja.qa.TestCases.LoginTest" name="verifyLoginWithNoCredentials" time="4.436"/>
</testsuite> <!-- com.tutorialsninja.qa.TestCases.LoginTest -->
