<?xml version="1.0" encoding="UTF-8"?>
<!-- Generated by org.testng.reporters.JUnitReportReporter -->
<testsuite hostname="DESKTOP-JAQQMSD" failures="0" tests="3" name="com.tutorialsninja.qa.TestCases.CheckoutTest" time="27.591" errors="0" timestamp="2024-08-01T15:38:21 EDT" skipped="0">
  <testcase classname="com.tutorialsninja.qa.TestCases.CheckoutTest" name="verifyCheckoutButtonIsAvailable" time="3.335"/>
  <testcase classname="com.tutorialsninja.qa.TestCases.CheckoutTest" name="verifyCheckoutFunctionality" time="12.485"/>
  <testcase classname="com.tutorialsninja.qa.TestCases.CheckoutTest" name="verifyCheckoutFunctionality" time="11.771"/>
</testsuite> <!-- com.tutorialsninja.qa.TestCases.CheckoutTest -->
