<?xml version="1.0" encoding="UTF-8"?>
<!-- Generated by org.testng.reporters.JUnitReportReporter -->
<testsuite hostname="DESKTOP-JAQQMSD" failures="0" tests="4" name="com.tutorialsninja.qa.TestCases.ShoppingCartTest" time="20.388" errors="0" timestamp="2024-08-01T15:38:21 EDT" skipped="0">
  <testcase classname="com.tutorialsninja.qa.TestCases.ShoppingCartTest" name="verifyShoppingCartButtonIsAvilable" time="3.938"/>
  <testcase classname="com.tutorialsninja.qa.TestCases.ShoppingCartTest" name="verifyEmptyShoppingCartSearch" time="3.895"/>
  <testcase classname="com.tutorialsninja.qa.TestCases.ShoppingCartTest" name="verifyAddToCartFunctionalityFromShoppingCartPage" time="6.767"/>
  <testcase classname="com.tutorialsninja.qa.TestCases.ShoppingCartTest" name="verifyAddToCartFunctionalityFromItemButton" time="5.788"/>
</testsuite> <!-- com.tutorialsninja.qa.TestCases.ShoppingCartTest -->
